<?xml version="1.0" encoding="UTF-8"?>
<!-- Generated by org.testng.reporters.JUnitReportReporter -->
<testsuite skipped="0" hostname="DESKTOP-PTL0058" name="com.training.high.ELTC_019_adminViewUser" tests="1" failures="0" timestamp="2019-11-28T13:22:59 IST" time="28.489" errors="0">
  <testcase name="testMethod1" time="28.489" classname="com.training.high.ELTC_019_adminViewUser"/>
</testsuite> <!-- com.training.high.ELTC_019_adminViewUser -->
