<?xml version="1.0" encoding="UTF-8"?>
<!-- Generated by org.testng.reporters.JUnitReportReporter -->
<testsuite skipped="0" hostname="DESKTOP-PTL0058" name="com.training.medium.ELTC_043StudentAssiagnment" tests="1" failures="0" timestamp="2019-12-04T08:34:18 IST" time="176.694" errors="0">
  <testcase name="testMethod1" time="176.694" classname="com.training.medium.ELTC_043StudentAssiagnment"/>
</testsuite> <!-- com.training.medium.ELTC_043StudentAssiagnment -->
