<?xml version="1.0" encoding="UTF-8"?>
<!-- Generated by org.testng.reporters.JUnitReportReporter -->
<testsuite skipped="0" hostname="DESKTOP-PTL0058" name="com.training.high.ELTC_017_adminLogintest" tests="1" failures="0" timestamp="2019-11-27T11:21:06 IST" time="18.985" errors="0">
  <testcase name="testMethod1" time="18.985" classname="com.training.high.ELTC_017_adminLogintest"/>
</testsuite> <!-- com.training.high.ELTC_017_adminLogintest -->
