<?xml version="1.0" encoding="UTF-8"?>
<!-- Generated by org.testng.reporters.JUnitReportReporter -->
<testsuite skipped="0" hostname="DESKTOP-PTL0058" name="com.training.medium.ELTC43_Prereq_TchrAsgnmtCrPOM" tests="1" failures="0" timestamp="2019-12-02T19:07:08 IST" time="69.476" errors="0">
  <testcase name="testMethod1" time="69.476" classname="com.training.medium.ELTC43_Prereq_TchrAsgnmtCrPOM"/>
</testsuite> <!-- com.training.medium.ELTC43_Prereq_TchrAsgnmtCrPOM -->
