<?xml version="1.0" encoding="UTF-8"?>
<!-- Generated by org.testng.reporters.JUnitReportReporter -->
<testsuite skipped="0" hostname="DESKTOP-PTL0058" name="com.training.medium.ELTC_020_adminNewUserTest" tests="1" failures="0" timestamp="2019-11-28T16:52:17 IST" time="52.199" errors="0">
  <testcase name="testMethod1" time="52.199" classname="com.training.medium.ELTC_020_adminNewUserTest"/>
</testsuite> <!-- com.training.medium.ELTC_020_adminNewUserTest -->
