<?xml version="1.0" encoding="UTF-8"?>
<!-- Generated by org.testng.reporters.JUnitReportReporter -->
<testsuite skipped="0" hostname="DESKTOP-PTL0058" name="com.training.medium.ELTC_044_ForumPrereq" tests="1" failures="0" timestamp="2019-12-04T08:41:08 IST" time="72.552" errors="0">
  <testcase name="testMethod1" time="72.552" classname="com.training.medium.ELTC_044_ForumPrereq"/>
</testsuite> <!-- com.training.medium.ELTC_044_ForumPrereq -->
