<?xml version="1.0" encoding="UTF-8"?>
<!-- Generated by org.testng.reporters.JUnitReportReporter -->
<testsuite skipped="0" hostname="DESKTOP-PTL0058" name="com.training.medium.ELTC_045ChtGrpPreReq" tests="1" failures="0" timestamp="2019-12-03T23:35:27 IST" time="82.756" errors="0">
  <testcase name="testMethod1" time="82.756" classname="com.training.medium.ELTC_045ChtGrpPreReq"/>
</testsuite> <!-- com.training.medium.ELTC_045ChtGrpPreReq -->
