<?xml version="1.0" encoding="UTF-8"?>
<!-- Generated by org.testng.reporters.JUnitReportReporter -->
<testsuite skipped="0" hostname="DESKTOP-PTL0058" name="com.training.medium.ELTC_18_editPWDtest" tests="1" failures="0" timestamp="2019-11-28T13:31:31 IST" time="24.936" errors="0">
  <testcase name="testMethod1" time="24.936" classname="com.training.medium.ELTC_18_editPWDtest"/>
</testsuite> <!-- com.training.medium.ELTC_18_editPWDtest -->
